20250207	00:19:04	922574fe-4595-4206-877a-c620b8521d22	GET	/	undefined
20250207	00:19:13	45307db0-2454-418f-b13c-a6745c241851	GET	/index	undefined
20250207	00:19:13	c6dcfa5b-fcc5-4b76-9d80-2d50f1255ea2	GET	/favicon.ico	undefined
20250207	00:19:27	189db470-e774-4671-a785-7f4bc8450465	GET	/	undefined
20250221	16:33:22	4b2a08b3-c024-42b8-9212-49b064e5aeb9	GET	/	undefined
20250221	16:33:22	76d5fce6-6b7b-4feb-8d79-c46925bc8032	GET	/favicon.ico	undefined
20250221	16:38:07	3b0c1c61-a9e6-4339-a547-0d1ecaff28f6	GET	/login	undefined
20250221	16:38:19	f54f047d-31f9-4deb-b37e-a5d7b8963d66	GET	/login	undefined
20250221	16:38:54	ee762129-ad67-4034-8013-9e7c9f77c9ec	POST	/login	undefined
20250221	16:40:38	8f5e85d4-0854-43dc-802e-ca9e92b7db4f	POST	/login	undefined
20250221	16:41:20	b51d143e-73ae-4bb6-b89f-128ff4cf1ff6	POST	/login	undefined
20250221	16:45:34	ab50240e-b5bc-40c8-b9da-497a71adc939	OPTIONS	/login	http://localhost:5173
20250221	16:45:38	a02f5a13-3ba1-4a0d-a8f4-338d7e7dd4b0	OPTIONS	/login	http://localhost:5173
20250221	16:46:28	25e5c412-a637-4e53-9446-f8677a6767ab	OPTIONS	/login	http://localhost:5173
20250221	16:46:30	e94b9e9c-0cd4-4747-be5e-1c2fd76356f3	OPTIONS	/login	http://localhost:5173
20250221	16:47:57	049267e8-e51a-49ed-ac0b-356a69195cb9	POST	/login	http://localhost:5173
20250221	16:48:00	efeb4fb0-a01d-4e42-8dd3-1c47658795ed	POST	/login	http://localhost:5173
20250221	16:54:33	815d9817-9a4e-478b-9c42-d1077692aa53	POST	/login	http://localhost:5173
20250223	14:05:36	3c7eee1b-0e75-4f54-9716-d364675700b6	GET	/login	undefined
20250223	14:05:47	cf0bb34d-9492-4940-b003-5602ab25681c	POST	/login	http://localhost:5173
20250223	14:08:15	5adfa4e8-6775-4466-9a4b-366751a53deb	POST	/login	http://localhost:5173
20250223	14:08:38	417dc7cd-db6a-4028-819d-079d81e879cc	POST	/login	http://localhost:5173
20250223	14:09:24	0b2c855a-85a9-435b-818f-a5c3e8d846f8	POST	/login	http://localhost:5173
20250223	14:09:25	f601f81b-d79b-494d-84ee-aa962134252b	POST	/login	http://localhost:5173
20250223	14:09:30	11938833-a8e8-4d0e-8f47-dfb6784c4067	POST	/login	http://localhost:5173
20250223	14:09:47	4fc01e61-c124-4e2f-b18e-e10812e6a27f	POST	/login	http://localhost:5173
20250223	16:23:20	c0218438-cfde-4525-b996-6c47269852aa	POST	/login	http://localhost:5173
20250223	16:23:23	a8dbc45a-d180-486a-a8ca-8d070af95979	POST	/login	http://localhost:5173
20250223	16:23:28	23f2a13c-f52f-40c1-98ca-208bdc13af36	POST	/login	http://localhost:5173
20250223	16:23:31	cd53e1e4-880b-4bfe-aa24-ca82a0d38b2a	POST	/login	http://localhost:5173
20250223	16:24:31	9f7c1647-320c-4623-8658-fe0edb55b851	POST	/login	http://localhost:5173
20250223	16:24:31	f25681bb-9a9a-451d-b136-039885885399	POST	/login	http://localhost:5173
20250223	16:29:20	97212e81-5df2-4c88-a5af-8b49bfc04053	POST	/signup	http://localhost:5173
20250223	16:31:51	dd0e837a-f4c3-49f7-8248-427452a67163	POST	/signup	http://localhost:5173
20250223	16:31:53	39611381-41e4-4a04-864b-29792286aa99	POST	/signup	http://localhost:5173
20250223	16:33:56	99e4307d-7d51-4043-a1e0-bbcedd734471	POST	/signup?username&email&password	undefined
20250223	16:34:39	5ebae1aa-8fd5-48e9-bdb2-752489b92588	POST	/signup?username&email&password	undefined
20250223	16:35:00	8327c342-2605-424f-87ea-d50de9d02f50	POST	/signup?username&email&password	undefined
20250223	16:35:38	f6468ba8-4b6c-4aa2-a41f-acb1addfbb53	POST	/signup?username&email&password	undefined
20250223	16:35:42	90d3ca63-1539-4236-ab2b-455f65b5cf00	POST	/signup?username=123&email&password	undefined
20250223	16:35:45	1daa5d66-9856-4b2e-ad4c-611edc1eac22	POST	/signup?username=123&email=123&password	undefined
20250223	16:35:48	cd5e6a87-c596-45e9-a583-1e4aff6aae8a	POST	/signup?username=123&email=123&password=123	undefined
20250223	16:36:02	0449e629-65b1-4f43-88f1-da68f3fcf683	POST	/signup?username=123&email=123&password=123	undefined
20250223	16:36:18	9f1c1172-4968-4eba-a827-1de95dba8fea	POST	/signup?username=123&email=123@123.com&password=123	undefined
20250223	16:37:03	a30cf16d-afb4-4b02-a4bc-e58b37caceef	POST	/signup?username=123&email=123@123.com&password=123	undefined
20250223	16:37:28	ec3b5baf-0e8b-44a7-8c75-edf038503cad	POST	/signup?username=123&email=123@123.com&password=123	undefined
20250223	16:37:49	417f6181-f068-4c09-8b69-8280acab0747	POST	/signup?username=123&email=123@123.com&password=123	undefined
20250223	16:37:57	1694c774-0159-4ba2-b53e-f2ea0d06b227	POST	/signup?username=123&email=123@123.com&password=123	undefined
20250225	13:02:53	aad954d6-3f6b-4c68-a9c2-b01297c4b8d1	POST	/login	http://localhost:5173
20250225	13:02:55	4e3179c9-ee01-4f3a-b7bb-c9f1bf5cc9ae	POST	/login	http://localhost:5173
20250225	13:04:01	07c41773-4ef4-448b-8c06-45bc5f805f3e	POST	/login	http://localhost:5173
20250225	13:05:24	6d529c97-f5ba-43ad-a02b-e1356ea50cf0	POST	/login	http://localhost:5173
20250225	13:27:29	adae86ce-e5ae-41b5-b962-02a497934e8e	POST	/login	http://localhost:5173
20250225	13:28:36	f1dab7de-cdc3-4aa7-a623-f2552312d334	POST	/login	http://localhost:5173
20250225	13:28:55	1744c5e7-590d-4fa5-ab41-2c34fc4f23bd	POST	/login	http://localhost:5173
20250225	13:29:06	66b0f627-30c5-49dc-8c01-6200d882e8e3	POST	/login	http://localhost:5173
20250225	13:29:56	b2a73087-5625-4cb8-9fbb-50cd21b0ec21	POST	/login	http://localhost:5173
20250225	13:30:08	cd3aba3b-63aa-40e7-94b5-cc5f7f6388ea	POST	/login	http://localhost:5173
20250225	13:30:22	b77efc5c-d62a-4aa6-816e-f4639aacee84	POST	/login	http://localhost:5173
20250225	13:30:38	4afd2cc9-9afb-4ebe-9b74-960d0ba6300c	POST	/login	http://localhost:5173
20250225	13:30:53	3cea46a0-8d29-4715-88d6-523433c2165f	POST	/login	http://localhost:5173
20250225	13:31:16	5b3d5ea4-012b-4c81-be3e-17e351316e0a	POST	/login	http://localhost:5173
20250225	13:31:37	4dc1dfc8-2e5a-43b3-8966-9678141210b9	POST	/login	http://localhost:5173
20250225	13:31:49	45be3081-b1ea-4a5d-92a3-bb3870991546	POST	/login	http://localhost:5173
20250225	13:33:55	2f26232e-2cba-4bf5-af09-0d2d83f84eac	POST	/login	http://localhost:5173
20250225	13:34:21	e4ae67cd-2f50-4491-a8ba-91f8f2b920ba	POST	/login	http://localhost:5173
20250225	13:34:43	c7590290-d1a1-49d1-bd1b-b4f461384c6f	POST	/login	http://localhost:5173
20250225	13:35:06	49c32065-c432-4759-9bf8-033a803b1133	POST	/login	http://localhost:5173
20250225	21:25:05	2d779490-3851-465c-a14a-90cb90eb1cea	POST	/login	http://localhost:5173
20250225	21:25:39	fba8a706-8b69-4b16-af80-76caee7c34db	POST	/login	http://localhost:5173
20250225	21:25:51	67e015e1-bc7c-4ab3-b0d0-2b4a197769b5	POST	/login	http://localhost:5173
20250225	21:27:23	7c268f3f-897b-43b8-a1e8-5aa3bf457bdd	POST	/login	http://localhost:5173
20250225	21:27:39	eb41f4f0-b80f-4b53-b3b1-4be640360531	POST	/login	http://localhost:5173
20250225	21:27:49	ac653cc4-a178-4b41-a831-ac803a31dec3	POST	/login	http://localhost:5173
20250225	21:40:59	eea102d7-deab-4500-9260-58510da4b820	POST	/users/signup	http://localhost:5173
20250225	21:47:55	01e1e2a3-8b07-4aac-884e-17566d0ad772	POST	/users/login	http://localhost:5173
20250225	21:47:59	347ba2cd-6667-4980-9a64-5ddcb3642b43	POST	/users/login	http://localhost:5173
20250225	21:48:01	ac591490-51a4-4da2-abc8-b1b581e88690	POST	/users/login	http://localhost:5173
20250225	21:48:40	32825371-ecc1-4c9b-8175-7da04cdd52ac	POST	/users/login	http://localhost:5173
20250225	21:50:05	42e0c42d-607d-40e3-83b3-d18f42084315	POST	/users/login	http://localhost:5173
20250225	21:50:09	82b2d12f-725f-49de-ae70-076a431c6672	POST	/users/login	http://localhost:5173
20250225	21:50:09	6d6be6b5-9352-47fa-9648-5ecd2396db8e	POST	/users/login	http://localhost:5173
20250225	21:51:28	583573e4-0cab-4eac-beab-365041b3f5d4	POST	/users/login	http://localhost:5173
20250225	22:00:42	a547e378-d267-4b20-a197-ded076e023cc	POST	/users/login	http://localhost:5173
20250225	22:00:46	d99a5e6b-5ec9-4779-b377-2e2c9465da01	POST	/users/login	http://localhost:5173
20250225	22:02:01	f2ce86c8-b4ce-40b2-a9ab-7602b8f3d653	POST	/users/login	http://localhost:5173
20250225	22:02:06	0a399f9e-0910-4f01-9944-31c26224e6ff	POST	/users/login	http://localhost:5173
20250225	22:02:09	3db34ad4-0bbe-4a79-9776-a5223c3b4c73	POST	/users/login	http://localhost:5173
20250225	22:11:42	7e12c81d-26ec-49a4-b65d-b7a47cd5208e	POST	/users/login	http://localhost:5173
20250225	22:18:37	4d86efc7-4cde-4ca7-a132-f15738bd788e	POST	/users/signup	http://localhost:5173
20250225	22:18:45	d8eab10f-fdef-4a0d-b873-a1df26b8f460	POST	/users/signup	http://localhost:5173
20250225	22:18:51	9e6023d8-c628-480e-93e8-d3c71d4fa559	POST	/users/signup	http://localhost:5173
20250225	22:18:56	fe5cde63-d16e-4b42-9c7d-cf1492cb6f6f	POST	/users/login	http://localhost:5173
20250225	22:19:11	626b6704-495c-4925-9a94-4d320e5c08de	POST	/users/signup	http://localhost:5173
20250225	22:19:15	a96ffd07-3a3a-405b-b12e-2463383f88ca	POST	/users/signup	http://localhost:5173
20250225	22:19:54	652e5e98-921e-4808-a6db-e007c4325b29	POST	/users/signup	http://localhost:5173
20250225	22:19:55	9317d660-2c2f-4a7b-835a-5307b973e13a	POST	/users/signup	http://localhost:5173
20250225	22:27:21	c2c84830-8377-4479-818c-2091c598a15f	POST	/users/signup	http://localhost:5173
20250225	22:27:27	2857e53e-aec7-42c7-9132-005fa2fb25bf	POST	/users/signup	http://localhost:5173
20250225	22:27:47	65aaab5f-e499-41f4-9eba-31a1b4d102b5	POST	/users/signup	http://localhost:5173
20250225	22:28:22	49c703e3-48c6-4e42-8bce-0e4a9d633a8d	POST	/users/signup	http://localhost:5173
20250225	22:29:02	252c0fea-5b88-4d0e-95b1-e961d857baf9	POST	/users/signup	http://localhost:5173
20250225	22:30:20	b86577f9-83ea-4d4d-8f79-8847ca7ca3d3	POST	/users/signup	http://localhost:5173
20250225	22:30:58	e7a8e826-fa3f-477e-9d3b-8cb6ecee1db0	POST	/users/signup	http://localhost:5173
20250225	22:31:16	f63a53f8-4735-477b-b846-6d391bcb2775	POST	/users/login	http://localhost:5173
20250225	22:31:49	78a622e4-ca32-410c-8975-63820f4175cf	POST	/users/login	http://localhost:5173
20250225	22:34:05	a055d087-8057-4961-95ac-2ff4e7ed6832	POST	/users/login	http://localhost:5173
20250225	22:34:09	f70ce264-1f7a-49aa-acc8-490f255c3b35	POST	/users/login	http://localhost:5173
20250225	22:34:11	309a38ff-15ab-4d27-b795-258523006fc1	POST	/users/login	http://localhost:5173
20250225	22:37:19	62ace975-194e-401d-a8cf-f9f9f85cb36a	POST	/users/login	http://localhost:5173
20250225	22:37:21	da4997c1-4ef8-4cc3-b172-76eb7b055b8b	POST	/users/login	http://localhost:5173
20250225	22:43:55	8e153ecd-1540-41c1-a838-4ca9b9fa94ed	POST	/users/login	http://localhost:5173
20250225	22:43:57	140f8b1a-3389-47ae-a9cb-04b4e86cb08e	POST	/users/login	http://localhost:5173
20250225	22:44:33	70ff194f-b4b4-46a1-9bad-1a1d217a0b86	POST	/users/login	http://localhost:5173
20250225	22:44:35	0005e338-2f42-4a20-9025-6eeda07a5b01	POST	/users/login	http://localhost:5173
20250301	15:53:53	70bbb7b0-d40f-441e-949b-83bc097392cc	POST	/users/login	http://localhost:5173
20250302	11:57:45	93a82a7a-65d6-4eb5-a8d0-d28867244ca0	POST	/users/login	http://localhost:5173
20250302	12:28:21	7d3e73a1-72c5-4e04-b7f1-b425088b0ff5	POST	/users/login	http://localhost:5173
20250302	20:12:47	7698d765-2318-4db6-a800-0967f92f1168	POST	/users/login	http://localhost:5173
20250302	20:19:43	b65389de-72f8-4a0d-881d-4a5db1b4c7f3	POST	/users/login	http://localhost:5173
20250302	20:29:03	29596faa-aa84-43ea-b479-40bf441c4ac2	POST	/users/login	http://localhost:5173
20250302	20:29:15	dae24cdf-7a0c-4c5a-b812-44e85728e56f	POST	/users/signup	http://localhost:5173
20250302	20:29:36	41b71f00-964c-4dae-aab7-dcbc5f849075	POST	/users/login	http://localhost:5173
20250302	20:29:52	a1974425-dceb-427c-bc05-33480919c7fa	POST	/users/login	http://localhost:5173
20250302	20:30:44	1a17d17f-f3b1-42ab-9d52-b6320a8f0c01	POST	/users/login	http://localhost:5173
20250302	20:33:20	cad009e4-1bb4-4f07-9415-588fb805aa79	POST	/users/login	http://localhost:5173
20250306	20:33:53	1446dab0-e2ba-45f8-9053-dcd9f857a268	POST	/users/login	http://localhost:5173
20250309	23:16:08	642eac5e-f6c9-47c7-87a2-ce20bf2747d8	POST	/users/login	http://localhost:5173
20250309	23:16:12	e373cb8d-ff8f-4b4b-a185-d9353f4410cb	POST	/users/login	http://localhost:5173
20250309	23:16:19	a80f07fe-625c-4079-a80d-0656cd3e8638	POST	/users/login	http://localhost:5173
20250309	23:23:24	c237c16d-7ca1-4b36-83fa-9944bf81d29c	GET	/	undefined
20250309	23:23:24	a44c38ee-2e18-4f98-b60b-6b47c8114742	GET	/favicon.ico	undefined
20250309	23:23:56	1d6d322f-4141-4eb4-b5be-d4c969558602	POST	/users/login	http://localhost:5173
20250317	20:30:24	03a2d6cb-882e-4e9f-acc3-3c8ae616a096	POST	/users/login	http://localhost:5173
20250329	18:52:14	c653d974-eec7-4367-a66d-09e4d9f1b3dc	POST	/users/login	http://localhost:5173
20250329	19:01:33	e5595d8e-56da-4860-aba9-bff75ed26633	POST	/users/login	http://localhost:5173
20250329	19:01:54	5e5b9b72-1d20-4505-926d-043977d4c189	POST	/users/signup	http://localhost:5173
20250329	19:01:59	ddea6f2c-902f-4168-8903-995777236ced	POST	/users/login	http://localhost:5173
20250330	12:25:09	926654de-b73d-4886-9be0-9778be7be9bb	GET	/Account/v.1.0/PrivacySettings?clientId=135333107684344109	undefined
20250403	19:48:06	eb41701c-13dc-47fc-9ba8-8d7db1671ea2	POST	/users/signup	http://localhost:5173
20250403	19:48:35	a49524f2-fc40-4ee9-bca4-8317bae00ae8	POST	/users/login	http://localhost:5173
20250404	00:20:18	e3dab5e0-e29e-4123-a3be-47eadf2b172d	POST	/users/login	http://localhost:5173
20250404	00:34:11	473d1553-0275-4c7a-89f1-38a11c2e7afe	POST	/save_model	http://localhost:5173
20250404	00:39:00	628ad96b-cfbe-46af-928c-3b080087a007	POST	/save_model	http://localhost:5173
20250404	00:40:12	9d5559d4-2d77-4342-9917-5783f6ba69f6	POST	/save_model	http://localhost:5173
20250404	00:45:06	83137e7a-39d0-4fcd-8dc8-44dfcf3dc1e4	POST	/save_model	http://localhost:5173
20250404	00:46:15	271c4044-0aa0-4d36-82e3-613bd3d00cc0	POST	/save_model	http://localhost:5173
20250404	00:49:08	8d26b303-0403-429e-ade4-67b574501562	POST	/save_model	http://localhost:5173
20250404	00:49:28	31829442-0ce9-4a18-a005-5d7d268bb6d1	POST	/users/login	http://localhost:5173
20250404	00:49:49	0b6eace7-8853-4093-b84d-479247ae5fa7	POST	/save_model	http://localhost:5173
20250404	00:52:06	39747007-e6f6-4569-b45d-b8caf463bf4f	POST	/save_model	http://localhost:5173
20250404	00:53:08	8ff3a9a7-19fd-4215-bce3-200c3a26da11	POST	/save_model	http://localhost:5173
20250404	00:59:01	a018f021-14ed-4278-aaec-27185a203c1f	POST	/save_model	http://localhost:5173
20250404	01:01:33	cc7eebcb-b9ef-48e4-bdd7-eb6df74b6a9a	POST	/save_model	http://localhost:5173
20250404	12:53:15	baa1ad66-3d55-41e0-b2ba-72c70a06e7cf	POST	/save_model	http://localhost:5173
20250404	12:54:39	33dd2bac-bd6e-4a2b-8b2b-f1dad393fda4	POST	/save_model	http://localhost:5173
20250404	12:57:42	3f303c42-0584-4098-908c-2a2ff2ec0140	POST	/save_model	http://localhost:5173
20250404	13:02:44	076f3d20-52c8-40cb-abb4-8ee72d430736	POST	/save_model	http://localhost:5173
20250404	13:05:55	82372c9c-7e2b-4877-b2b5-255def19fec5	POST	/users/login	http://localhost:5173
20250404	13:07:46	35267df9-18fd-44c4-a666-576a37dfc83a	POST	/save_model	http://localhost:5173
20250404	13:09:51	ef7efee7-a0fd-47d6-9c8e-9be93e42f813	POST	/save_model	http://localhost:5173
20250404	13:15:09	dd94b0df-1c50-496b-906d-46828b7570da	POST	/save_model	http://localhost:5173
20250404	13:20:32	1f0af4ba-54be-4b49-9d44-ff26f8a4cc3b	POST	/save_model	http://localhost:5173
20250404	13:22:45	dea250c7-dee0-4276-8003-c05865f81255	POST	/save_model	http://localhost:5173
20250404	13:25:57	4447c68c-e5d1-4561-98cb-3d72dd33c6ac	POST	/save_model	http://localhost:5173
20250404	13:28:58	aa5d0841-09aa-495a-8718-a0539d362936	POST	/save_model	http://localhost:5173
20250404	13:39:06	056f88ac-6972-4b1a-9443-cc873f05ac68	POST	/save_model	http://localhost:5173
20250404	13:57:30	c6ad74e2-9f33-45b0-a189-76ff02d68b56	GET	/user_models	http://localhost:5173
20250404	13:57:30	dcc3d86b-f665-4d80-803a-f539c320091c	GET	/user_models	http://localhost:5173
20250404	14:10:32	1eb6e79c-ee55-46dc-bac0-e89424e47b9d	GET	/user_models	http://localhost:5173
20250404	14:11:13	3c4a9781-7ec9-40c8-8913-9fe46b67757b	POST	/users/login	http://localhost:5173
20250404	14:11:26	3322cd41-f340-47cd-866f-aba23229047c	GET	/user_models	http://localhost:5173
20250404	14:11:26	90b93cea-1074-403d-829b-20059ca913ae	GET	/user_models	http://localhost:5173
20250404	14:16:01	d628e199-33d2-4a7b-88fd-1432c260dd9b	DELETE	/user_models/67efb6cbf7159f059f20979a	http://localhost:5173
20250404	14:16:01	7641682a-a1d5-4f93-bc24-0584860a084e	GET	/user_models	http://localhost:5173
20250404	14:23:16	30d3b7f9-52f9-4538-aa70-c768930e90dc	POST	/save_model	http://localhost:5173
20250404	14:23:25	26cbdea3-5eac-419d-8a91-6edff614576b	GET	/user_models	http://localhost:5173
20250404	14:23:25	4f7e2f2a-3d9a-4d76-89ce-3783c2bd9753	GET	/user_models	http://localhost:5173
20250404	14:23:42	a17105ee-d699-4c71-8689-b89e19397585	DELETE	/user_models/67efc124b5cf94bb7c1ab92b	http://localhost:5173
20250404	14:26:51	d4286fcd-76f7-4034-bd4a-a8bd5f1b8010	POST	/save_model	http://localhost:5173
20250404	14:26:58	c24dec47-1430-40c6-918b-72062e8b72ad	GET	/user_models	http://localhost:5173
20250404	14:26:58	b33a49da-1d0e-4cbd-bc4c-8a2d2c5407f6	GET	/user_models	http://localhost:5173
20250404	14:27:06	960f88d4-c96c-4f60-8bde-92a347b2f10e	DELETE	/user_models/67efc1fbb5cf94bb7c1ab930	http://localhost:5173
20250404	14:27:06	0a1eb7fc-9b82-4ae5-8958-aff25c0967bc	GET	/user_models	http://localhost:5173
20250404	14:31:17	97e8c574-6ea9-43c6-bc24-825e54ef4381	GET	/user_models	http://localhost:5173
20250404	14:31:17	312bb04e-6849-4b33-8077-f2d766670e6f	GET	/user_models	http://localhost:5173
20250404	14:31:18	a3a327d3-4eb3-4ea3-8d60-cfc86cae4b86	GET	/user_models	http://localhost:5173
20250404	14:31:18	00de93c9-63b0-44c2-a506-42ea3ce7e0dc	GET	/user_models	http://localhost:5173
20250404	14:31:19	acc9451c-42b9-4f1c-ab02-34dbe0efb90d	GET	/user_models	http://localhost:5173
20250404	14:31:19	bc159463-3f4b-4a71-a777-1c231284156a	GET	/user_models	http://localhost:5173
20250404	14:32:39	965f3b7a-b219-485a-a7e5-abfba7e14e13	GET	/user_models	http://localhost:5173
20250404	14:32:39	e2d7beb2-7da4-4de5-b0e2-c25ba1fd6000	GET	/user_models	http://localhost:5173
20250404	14:32:58	e4d1320e-d8fe-4323-9495-e0669e0961bf	POST	/save_model	http://localhost:5173
20250404	14:33:02	30c2630e-00de-4854-bb67-69289c4d95d5	GET	/user_models	http://localhost:5173
20250404	14:33:02	ce022a27-051f-404c-b321-8b9865a40f1a	GET	/user_models	http://localhost:5173
20250404	14:35:32	7fc8d772-8e35-4b16-9e57-1c7cfc5d7b72	POST	/save_model	http://localhost:5173
20250404	14:37:37	22aead50-ae7c-4f8c-b956-aac6ee3199f1	POST	/save_model	http://localhost:5173
20250404	14:39:24	7a4e9358-2a1a-44fc-82d9-6a2a77974697	POST	/save_model	http://localhost:5173
20250404	14:39:31	d1d45584-3a67-4a1f-a5cc-5813de7df956	POST	/save_model	http://localhost:5173
20250404	14:39:36	ead3864e-f373-4285-98f3-0a8875c4ff80	GET	/user_models	http://localhost:5173
20250404	14:39:36	0a3c6071-c1d8-407d-815f-cd8f9be41f6e	GET	/user_models	http://localhost:5173
20250404	14:42:09	1e52f69e-a4c4-4c9e-9479-534d8804774f	POST	/save_model	http://localhost:5173
20250404	14:42:12	750c8948-eb68-4b0b-bf6e-58436454ba44	POST	/save_model	http://localhost:5173
20250404	14:43:02	bf156d3c-ad7b-4ad5-9b35-f175d4a05ee5	POST	/save_model	http://localhost:5173
20250404	14:45:39	88d67c3c-5214-4509-a000-a6bad1bdf25f	GET	/user_models	http://localhost:5173
20250404	14:45:39	22897393-80d3-4bc1-a9ff-08950a2250d8	GET	/user_models	http://localhost:5173
20250404	18:36:44	11d37efe-46e3-4f28-a438-2bad575a029e	GET	/user_models	http://localhost:5173
20250404	18:36:44	ce549057-550c-4eb2-acb9-d5d52e7c46ef	GET	/user_models	http://localhost:5173
20250404	20:08:26	2d5c726c-2dfb-40ff-ab62-28ce7352c220	POST	/users/login	http://localhost:5173
20250404	20:08:52	e8037321-54c2-4c14-a55f-27d624ffc9c6	POST	/save_model	http://localhost:5173
20250404	20:09:01	88575551-8c9f-439a-b974-d823ae405bb5	GET	/user_models	http://localhost:5173
20250404	20:09:01	d31ad81c-c9f1-49d7-9dd0-ed6edb31ed84	GET	/user_models	http://localhost:5173
20250404	20:09:05	da8f0d3a-a8df-47ad-aa75-cb7c17ca0e70	DELETE	/user_models/67f012242d3846a297d8e9b4	http://localhost:5173
20250404	20:09:05	c02a2e06-2443-46bb-a579-e25e8c1bdbc7	GET	/user_models	http://localhost:5173
20250404	20:24:11	c5231a9e-82c0-4b42-8e9a-09506d54f7a9	POST	/save_model	http://localhost:5173
20250404	20:25:28	5d3a72db-08b6-4613-b37e-17fb1075d341	POST	/save_model	http://localhost:5173
20250404	20:26:20	1e0e1f2f-83ac-4379-b9e1-082cee349fdf	GET	/user_models	http://localhost:5173
20250404	20:26:20	a6ad0b12-48b2-4b5c-9c2d-cb5b4b2e6094	GET	/user_models	http://localhost:5173
20250404	20:33:10	6f01fb85-defc-4913-8c7e-be36564be53b	POST	/save_model	http://localhost:5173
20250404	22:25:48	2b84f8ac-b661-48af-9636-5895627d2d84	POST	/save_model	http://localhost:5173
20250404	22:26:42	bcc74ed5-fd9f-4be8-a050-1bd340ff8fe9	GET	/user_models	http://localhost:5173
20250404	22:26:42	2ef3de89-ab67-4b69-a117-d3fad1a68406	GET	/user_models	http://localhost:5173
20250414	23:58:08	6cd523fa-d106-4703-b3db-f3f4c7fbf442	POST	/users/signup	http://localhost:5173
20250414	23:58:13	3977f509-3bad-4328-9e29-f1c1c798cb7d	POST	/users/login	http://localhost:5173
20250415	00:07:44	4bf283fb-0006-4050-840f-9e10b5a6e372	POST	/save_model	http://localhost:5173
20250415	00:07:49	2b2a7738-40ee-47c7-bbe7-187738f5d5c2	GET	/user_models	http://localhost:5173
20250415	00:07:50	1da7a11d-f9a9-4c74-802c-8341e63d8a99	GET	/user_models	http://localhost:5173
